# JRE version: OpenJDK Runtime Environment (8.0_242-b01) (build 1.8.0_242-release-1644-b01)
# Java VM: OpenJDK 64-Bit Server VM (25.242-b01 mixed mode windows-amd64 compressed oops)
Heap:
 PSYoungGen      total 274944K, used 33037K [0x00000000d5580000, 0x00000000e8180000, 0x0000000100000000)
  eden space 255488K, 5% used [0x00000000d5580000,0x00000000d62cb088,0x00000000e4f00000)
  from space 19456K, 99% used [0x00000000e6780000,0x00000000e7a78458,0x00000000e7a80000)
  to   space 25088K, 0% used [0x00000000e4f00000,0x00000000e4f00000,0x00000000e6780000)
 ParOldGen       total 104960K, used 44524K [0x0000000080000000, 0x0000000086680000, 0x00000000d5580000)
  object space 104960K, 42% used [0x0000000080000000,0x0000000082b7b228,0x0000000086680000)
 Metaspace       used 74976K, capacity 78198K, committed 78384K, reserved 1118208K
  class space    used 9896K, capacity 10504K, committed 10544K, reserved 1048576K
GC Heap History (10 events):
Event: 28.973 GC heap before
{Heap before GC invocations=19 (full 2):
 PSYoungGen      total 215552K, used 209088K [0x00000000d5580000, 0x00000000e3a80000, 0x0000000100000000)
  eden space 208896K, 100% used [0x00000000d5580000,0x00000000e2180000,0x00000000e2180000)
  from space 6656K, 2% used [0x00000000e3400000,0x00000000e3430000,0x00000000e3a80000)
  to   space 12800K, 0% used [0x00000000e2180000,0x00000000e2180000,0x00000000e2e00000)
 ParOldGen       total 64512K, used 26341K [0x0000000080000000, 0x0000000083f00000, 0x00000000d5580000)
  object space 64512K, 40% used [0x0000000080000000,0x00000000819b9490,0x0000000083f00000)
 Metaspace       used 45282K, capacity 46790K, committed 47024K, reserved 1089536K
  class space    used 5950K, capacity 6282K, committed 6320K, reserved 1048576K
Event: 28.974 GC heap after
Heap after GC invocations=19 (full 2):
 PSYoungGen      total 221696K, used 160K [0x00000000d5580000, 0x00000000e5680000, 0x0000000100000000)
  eden space 208896K, 0% used [0x00000000d5580000,0x00000000d5580000,0x00000000e2180000)
  from space 12800K, 1% used [0x00000000e2180000,0x00000000e21a8000,0x00000000e2e00000)
  to   space 12800K, 0% used [0x00000000e4a00000,0x00000000e4a00000,0x00000000e5680000)
 ParOldGen       total 64512K, used 26341K [0x0000000080000000, 0x0000000083f00000, 0x00000000d5580000)
  object space 64512K, 40% used [0x0000000080000000,0x00000000819b9490,0x0000000083f00000)
 Metaspace       used 45282K, capacity 46790K, committed 47024K, reserved 1089536K
  class space    used 5950K, capacity 6282K, committed 6320K, reserved 1048576K
}
Event: 34.049 GC heap before
{Heap before GC invocations=20 (full 2):
 PSYoungGen      total 221696K, used 144963K [0x00000000d5580000, 0x00000000e5680000, 0x0000000100000000)
  eden space 208896K, 69% used [0x00000000d5580000,0x00000000de2e8d48,0x00000000e2180000)
  from space 12800K, 1% used [0x00000000e2180000,0x00000000e21a8000,0x00000000e2e00000)
  to   space 12800K, 0% used [0x00000000e4a00000,0x00000000e4a00000,0x00000000e5680000)
 ParOldGen       total 64512K, used 26341K [0x0000000080000000, 0x0000000083f00000, 0x00000000d5580000)
  object space 64512K, 40% used [0x0000000080000000,0x00000000819b9490,0x0000000083f00000)
 Metaspace       used 57055K, capacity 59008K, committed 59160K, reserved 1101824K
  class space    used 7418K, capacity 7798K, committed 7856K, reserved 1048576K
Event: 34.064 GC heap after
Heap after GC invocations=20 (full 2):
 PSYoungGen      total 246784K, used 12779K [0x00000000d5580000, 0x00000000e5b00000, 0x0000000100000000)
  eden space 233984K, 0% used [0x00000000d5580000,0x00000000d5580000,0x00000000e3a00000)
  from space 12800K, 99% used [0x00000000e4a00000,0x00000000e567ac68,0x00000000e5680000)
  to   space 16384K, 0% used [0x00000000e3a00000,0x00000000e3a00000,0x00000000e4a00000)
 ParOldGen       total 64512K, used 29311K [0x0000000080000000, 0x0000000083f00000, 0x00000000d5580000)
  object space 64512K, 45% used [0x0000000080000000,0x0000000081c9fea8,0x0000000083f00000)
 Metaspace       used 57055K, capacity 59008K, committed 59160K, reserved 1101824K
  class space    used 7418K, capacity 7798K, committed 7856K, reserved 1048576K
}
Event: 34.064 GC heap before
{Heap before GC invocations=21 (full 3):
 PSYoungGen      total 246784K, used 12779K [0x00000000d5580000, 0x00000000e5b00000, 0x0000000100000000)
  eden space 233984K, 0% used [0x00000000d5580000,0x00000000d5580000,0x00000000e3a00000)
  from space 12800K, 99% used [0x00000000e4a00000,0x00000000e567ac68,0x00000000e5680000)
  to   space 16384K, 0% used [0x00000000e3a00000,0x00000000e3a00000,0x00000000e4a00000)
 ParOldGen       total 64512K, used 29311K [0x0000000080000000, 0x0000000083f00000, 0x00000000d5580000)
  object space 64512K, 45% used [0x0000000080000000,0x0000000081c9fea8,0x0000000083f00000)
 Metaspace       used 57055K, capacity 59008K, committed 59160K, reserved 1101824K
  class space    used 7418K, capacity 7798K, committed 7856K, reserved 1048576K
Event: 34.219 GC heap after
Heap after GC invocations=21 (full 3):
 PSYoungGen      total 246784K, used 0K [0x00000000d5580000, 0x00000000e5b00000, 0x0000000100000000)
  eden space 233984K, 0% used [0x00000000d5580000,0x00000000d5580000,0x00000000e3a00000)
  from space 12800K, 0% used [0x00000000e4a00000,0x00000000e4a00000,0x00000000e5680000)
  to   space 16384K, 0% used [0x00000000e3a00000,0x00000000e3a00000,0x00000000e4a00000)
 ParOldGen       total 104960K, used 37491K [0x0000000080000000, 0x0000000086680000, 0x00000000d5580000)
  object space 104960K, 35% used [0x0000000080000000,0x000000008249cd48,0x0000000086680000)
 Metaspace       used 56947K, capacity 58738K, committed 59160K, reserved 1101824K
  class space    used 7389K, capacity 7762K, committed 7856K, reserved 1048576K
}
Event: 111.384 GC heap before
{Heap before GC invocations=22 (full 3):
 PSYoungGen      total 246784K, used 233984K [0x00000000d5580000, 0x00000000e5b00000, 0x0000000100000000)
  eden space 233984K, 100% used [0x00000000d5580000,0x00000000e3a00000,0x00000000e3a00000)
  from space 12800K, 0% used [0x00000000e4a00000,0x00000000e4a00000,0x00000000e5680000)
  to   space 16384K, 0% used [0x00000000e3a00000,0x00000000e3a00000,0x00000000e4a00000)
 ParOldGen       total 104960K, used 37491K [0x0000000080000000, 0x0000000086680000, 0x00000000d5580000)
  object space 104960K, 35% used [0x0000000080000000,0x000000008249cd48,0x0000000086680000)
 Metaspace       used 68320K, capacity 70598K, committed 70960K, reserved 1110016K
  class space    used 8954K, capacity 9442K, committed 9520K, reserved 1048576K
Event: 111.401 GC heap after
Heap after GC invocations=22 (full 3):
 PSYoungGen      total 250368K, used 16379K [0x00000000d5580000, 0x00000000e7a80000, 0x0000000100000000)
  eden space 233984K, 0% used [0x00000000d5580000,0x00000000d5580000,0x00000000e3a00000)
  from space 16384K, 99% used [0x00000000e3a00000,0x00000000e49fed88,0x00000000e4a00000)
  to   space 19456K, 0% used [0x00000000e6780000,0x00000000e6780000,0x00000000e7a80000)
 ParOldGen       total 104960K, used 38323K [0x0000000080000000, 0x0000000086680000, 0x00000000d5580000)
  object space 104960K, 36% used [0x0000000080000000,0x000000008256cfc0,0x0000000086680000)
 Metaspace       used 68320K, capacity 70598K, committed 70960K, reserved 1110016K
  class space    used 8954K, capacity 9442K, committed 9520K, reserved 1048576K
}
Event: 151.796 GC heap before
{Heap before GC invocations=23 (full 3):
 PSYoungGen      total 250368K, used 250363K [0x00000000d5580000, 0x00000000e7a80000, 0x0000000100000000)
  eden space 233984K, 100% used [0x00000000d5580000,0x00000000e3a00000,0x00000000e3a00000)
  from space 16384K, 99% used [0x00000000e3a00000,0x00000000e49fed88,0x00000000e4a00000)
  to   space 19456K, 0% used [0x00000000e6780000,0x00000000e6780000,0x00000000e7a80000)
 ParOldGen       total 104960K, used 38323K [0x0000000080000000, 0x0000000086680000, 0x00000000d5580000)
  object space 104960K, 36% used [0x0000000080000000,0x000000008256cfc0,0x0000000086680000)
 Metaspace       used 74817K, capacity 78020K, committed 78128K, reserved 1116160K
  class space    used 9861K, capacity 10443K, committed 10544K, reserved 1048576K
Event: 151.854 GC heap after
Heap after GC invocations=23 (full 3):
 PSYoungGen      total 274944K, used 19425K [0x00000000d5580000, 0x00000000e8180000, 0x0000000100000000)
  eden space 255488K, 0% used [0x00000000d5580000,0x00000000d5580000,0x00000000e4f00000)
  from space 19456K, 99% used [0x00000000e6780000,0x00000000e7a78458,0x00000000e7a80000)
  to   space 25088K, 0% used [0x00000000e4f00000,0x00000000e4f00000,0x00000000e6780000)
 ParOldGen       total 104960K, used 44524K [0x0000000080000000, 0x0000000086680000, 0x00000000d5580000)
  object space 104960K, 42% used [0x0000000080000000,0x0000000082b7b228,0x0000000086680000)
 Metaspace       used 74817K, capacity 78020K, committed 78128K, reserved 1116160K
  class space    used 9861K, capacity 10443K, committed 10544K, reserved 1048576K
}

